SF:lib\preferences.dart
DA:6,3
DA:17,1
DA:18,4
DA:19,5
DA:20,4
DA:21,4
DA:22,4
DA:23,4
DA:27,0
DA:28,0
DA:29,0
DA:30,0
DA:34,3
DA:35,0
DA:36,0
DA:37,0
DA:41,0
DA:42,0
DA:43,0
DA:44,0
DA:48,0
DA:49,0
DA:50,0
DA:51,0
DA:55,0
DA:56,0
DA:57,0
DA:58,0
DA:62,0
DA:63,0
DA:64,0
DA:65,0
LF:32
LH:9
end_of_record
SF:lib\quote.dart
DA:11,1
DA:13,1
DA:14,1
DA:15,1
DA:17,1
DA:18,0
DA:19,0
DA:20,0
DA:21,0
DA:25,0
DA:29,1
DA:32,1
DA:33,1
DA:35,1
DA:37,3
DA:38,2
DA:41,1
DA:46,1
DA:47,2
DA:49,1
DA:50,1
DA:51,3
DA:53,1
LF:23
LH:18
end_of_record
SF:lib\quotes_store.dart
DA:8,0
DA:14,3
DA:16,5
DA:17,5
DA:18,0
DA:19,0
DA:21,1
DA:22,1
DA:23,8
DA:26,0
DA:27,0
DA:28,0
DA:31,0
DA:32,0
DA:35,1
DA:36,4
DA:39,0
DA:40,0
DA:43,0
DA:44,0
DA:47,0
DA:48,0
DA:49,0
DA:51,0
DA:55,0
DA:56,0
DA:57,0
DA:59,0
DA:63,0
DA:64,0
DA:65,0
DA:67,0
DA:69,0
LF:33
LH:8
end_of_record
SF:lib\i18n\quote.i18n.dart
DA:5,0
DA:17,0
LF:2
LH:0
end_of_record
